<?xml version="1.0" encoding="UTF-8"?>
<!-- Generated by org.testng.reporters.JUnitXMLReporter -->
<testsuite hostname="CSMBHUD347" ignored="0" name="Test" tests="4" failures="0" timestamp="2021-12-09T11:58:34 IST" time="34.113" errors="0">
  <testcase name="loginPageOpen" time="6.737" classname="com.SRIS.Ethnicity.Duplicate"/>
  <testcase name="Ethnicity_Module" time="2.269" classname="com.SRIS.Ethnicity.Duplicate"/>
  <testcase name="CheckDuplicateAllowForEthnicityDescription" time="7.127" classname="com.SRIS.Ethnicity.Duplicate"/>
  <testcase name="CheckDuplicateNotAllowForEthnicity" time="7.206" classname="com.SRIS.Ethnicity.Duplicate"/>
</testsuite> <!-- Test -->
