<?xml version="1.0" encoding="UTF-8"?>
<testsuite xmlns:xsi="http://www.w3.org/2001/XMLSchema-instance" xsi:noNamespaceSchemaLocation="https://maven.apache.org/surefire/maven-surefire-plugin/xsd/surefire-test-report-3.0.xsd" version="3.0" name="TestSuite" time="34.884" tests="4" errors="0" skipped="0" failures="0">
  <properties>
[...]
</properties>
  <testcase name="loginPageOpen" classname="com.SRIS.Ethnicity.Duplicate" time="6.738"/>
  <testcase name="Ethnicity_Module" classname="com.SRIS.Ethnicity.Duplicate" time="2.27"/>
  <testcase name="CheckDuplicateAllowForEthnicityDescription" classname="com.SRIS.Ethnicity.Duplicate" time="7.127"/>
  <testcase name="CheckDuplicateNotAllowForEthnicity" classname="com.SRIS.Ethnicity.Duplicate" time="7.206"/>
</testsuite>